<?xml version="1.0" encoding="UTF-8"?>
<!-- Generated by org.testng.reporters.JUnitReportReporter -->
<testsuite skipped="0" hostname="parthi" name="com.TestNg_project.Data_Provider" tests="3" failures="0" timestamp="2021-09-21T17:10:31 IST" time="0.004" errors="0">
  <testcase name="credentails" time="0.000" classname="com.TestNg_project.Data_Provider"/>
  <system-out/>
  <testcase name="credentails" time="0.000" classname="com.TestNg_project.Data_Provider"/>
  <system-out/>
  <testcase name="credentails" time="0.004" classname="com.TestNg_project.Data_Provider"/>
  <system-out/>
</testsuite> <!-- com.TestNg_project.Data_Provider -->
