<?xml version="1.0" encoding="UTF-8"?>
<!-- Generated by org.testng.reporters.JUnitReportReporter -->
<testsuite skipped="0" hostname="parthi" name="com.TestNg_project.Runner_Multiple" tests="3" failures="0" timestamp="2021-09-22T20:42:58 IST" time="58.308" errors="0">
  <testcase name="credentials" time="36.320" classname="com.TestNg_project.Runner_Multiple"/>
  <system-out/>
  <testcase name="credentials" time="11.708" classname="com.TestNg_project.Runner_Multiple"/>
  <system-out/>
  <testcase name="Login" time="10.280" classname="com.TestNg_project.Runner_Multiple"/>
  <system-out/>
</testsuite> <!-- com.TestNg_project.Runner_Multiple -->
