<?xml version="1.0" encoding="UTF-8"?>
<!-- Generated by org.testng.reporters.JUnitReportReporter -->
<testsuite skipped="0" hostname="parthi" name="com.TestNg_project.Priority_Concept" tests="4" failures="0" timestamp="2021-09-21T11:39:35 IST" time="0.016" errors="0">
  <testcase name="setProperty" time="0.010" classname="com.TestNg_project.Priority_Concept"/>
  <system-out/>
  <testcase name="username" time="0.002" classname="com.TestNg_project.Priority_Concept"/>
  <system-out/>
  <testcase name="password" time="0.002" classname="com.TestNg_project.Priority_Concept"/>
  <system-out/>
  <testcase name="login" time="0.002" classname="com.TestNg_project.Priority_Concept"/>
  <system-out/>
</testsuite> <!-- com.TestNg_project.Priority_Concept -->
