<?xml version="1.0" encoding="UTF-8"?>
<!-- Generated by org.testng.reporters.JUnitReportReporter -->
<testsuite skipped="0" hostname="parthi" name="com.TestNg_project.Grouping_Test" tests="2" failures="0" timestamp="2021-09-21T17:21:44 IST" time="0.016" errors="0">
  <testcase name="amzon" time="0.000" classname="com.TestNg_project.Grouping_Test"/>
  <system-out/>
  <testcase name="Filpcark" time="0.016" classname="com.TestNg_project.Grouping_Test"/>
  <system-out/>
</testsuite> <!-- com.TestNg_project.Grouping_Test -->
