<?xml version="1.0" encoding="UTF-8"?>
<!-- Generated by org.testng.reporters.JUnitReportReporter -->
<testsuite skipped="0" hostname="parthi" name="com.TestNg_project.parameter_Data" tests="1" failures="0" timestamp="2021-09-21T17:00:27 IST" time="0.016" errors="0">
  <testcase name="credentails" time="0.016" classname="com.TestNg_project.parameter_Data"/>
  <system-out/>
</testsuite> <!-- com.TestNg_project.parameter_Data -->
