<?xml version="1.0" encoding="UTF-8"?>
<!-- Generated by org.testng.reporters.JUnitReportReporter -->
<testsuite skipped="0" hostname="parthi" name="com.TestNg_project.Invocation_Count" tests="6" failures="0" timestamp="2021-09-21T11:45:00 IST" time="0.021" errors="0">
  <testcase name="browserlaunch" time="0.010" classname="com.TestNg_project.Invocation_Count"/>
  <system-out/>
  <testcase name="refresh" time="0.002" classname="com.TestNg_project.Invocation_Count"/>
  <system-out/>
  <testcase name="refresh" time="0.002" classname="com.TestNg_project.Invocation_Count"/>
  <system-out/>
  <testcase name="refresh" time="0.001" classname="com.TestNg_project.Invocation_Count"/>
  <system-out/>
  <testcase name="refresh" time="0.002" classname="com.TestNg_project.Invocation_Count"/>
  <system-out/>
  <testcase name="nextpage" time="0.004" classname="com.TestNg_project.Invocation_Count"/>
  <system-out/>
</testsuite> <!-- com.TestNg_project.Invocation_Count -->
